[2025-09-24T23:31:35.476184] [ERROR] [拘勇  Setup Cargo]
[2025-09-24T23:31:35.478286] [ERROR] [拘勇  Setup Funcion치rio]
[2025-09-24T23:31:35.699611] [ERROR] [拘勇  Setup Cargo]
[2025-09-24T23:31:35.700890] [ERROR] [拘勇  Setup Funcion치rio]
[2025-09-24T23:32:41.274017] [ERROR] [拘勇  Setup Cargo]
[2025-09-24T23:32:41.275555] [ERROR] [拘勇  Setup Funcion치rio]
[2025-09-24T23:33:51.937689] [ERROR]
拘勇  Setup Cargo
--------------------------------------------------------------------------------
[2025-09-24T23:33:51.939400] [ERROR]
拘勇  Setup Funcion치rio
--------------------------------------------------------------------------------
[2025-09-24T23:33:55.225302] [ERROR]
拘勇  Setup Cargo
--------------------------------------------------------------------------------
[2025-09-24T23:33:55.226852] [ERROR]
拘勇  Setup Funcion치rio
--------------------------------------------------------------------------------
[2025-09-24T23:35:22.664243] [ERROR]
拘勇  Setup Cargo
--------------------------------------------------------------------------------
[2025-09-24T23:35:22.666465] [ERROR]
拘勇  Setup Funcion치rio
--------------------------------------------------------------------------------
[2025-09-24T23:35:22.896824] [ERROR]
拘勇  Setup Cargo
--------------------------------------------------------------------------------
[2025-09-24T23:35:22.898377] [ERROR]
拘勇  Setup Funcion치rio
--------------------------------------------------------------------------------
[2025-09-24T23:35:39.252134] [ERROR]
拘勇  Setup Cargo
--------------------------------------------------------------------------------
[2025-09-24T23:35:39.253973] [ERROR]
拘勇  Setup Funcion치rio
--------------------------------------------------------------------------------
[2025-09-24T23:37:39.568955] [ERROR]
拘勇  Setup Cargo
--------------------------------------------------------------------------------
[2025-09-24T23:37:39.570590] [ERROR]
拘勇  Setup Funcion치rio
--------------------------------------------------------------------------------
[2025-09-24T23:37:39.788877] [ERROR]
拘勇  Setup Cargo
--------------------------------------------------------------------------------
[2025-09-24T23:37:39.790539] [ERROR]
拘勇  Setup Funcion치rio
--------------------------------------------------------------------------------
[2025-09-24T23:38:22.254911] [ERROR]
拘勇  Setup Cargo
--------------------------------------------------------------------------------
[2025-09-24T23:38:22.256632] [ERROR]
拘勇  Setup Funcion치rio
--------------------------------------------------------------------------------
[2025-09-24T23:39:26.801238] [ERROR]
拘勇  Setup Cargo
--------------------------------------------------------------------------------
[2025-09-24T23:39:26.802836] [ERROR]
拘勇  Setup Funcion치rio
--------------------------------------------------------------------------------
[2025-09-24T23:40:03.229992] [ERROR]
拘勇  Setup Cargo
--------------------------------------------------------------------------------
[2025-09-24T23:40:03.231917] [ERROR]
拘勇  Setup Funcion치rio
--------------------------------------------------------------------------------
[2025-09-24T23:42:45.094856] [ERROR]
拘勇  Setup Cargo
--------------------------------------------------------------------------------
[2025-09-24T23:42:45.096496] [ERROR]
拘勇  Setup Funcion치rio
--------------------------------------------------------------------------------
[2025-09-24T23:42:45.322221] [ERROR]
拘勇  Setup Cargo
--------------------------------------------------------------------------------
[2025-09-24T23:42:45.323240] [ERROR]
拘勇  Setup Funcion치rio
--------------------------------------------------------------------------------
[2025-09-24T23:45:10.237567] [ERROR]
拘勇  Setup Cargo
--------------------------------------------------------------------------------
[2025-09-24T23:45:10.239066] [ERROR]
拘勇  Setup Funcion치rio
--------------------------------------------------------------------------------
[2025-09-24T23:47:00.004786] [ERROR]
拘勇  Setup Cargo
--------------------------------------------------------------------------------
[2025-09-24T23:47:00.006345] [ERROR]
拘勇  Setup Funcion치rio
--------------------------------------------------------------------------------
[2025-09-24T23:48:53.840446] [ERROR]
拘勇  Setup Cargo
--------------------------------------------------------------------------------
[2025-09-24T23:48:53.841695] [ERROR]
拘勇  Setup Funcion치rio
--------------------------------------------------------------------------------
[2025-09-24T23:49:14.666656] [ERROR]
拘勇  Setup Cargo
--------------------------------------------------------------------------------
[2025-09-24T23:49:14.668338] [ERROR]
拘勇  Setup Funcion치rio
--------------------------------------------------------------------------------
[2025-09-24T23:49:14.895243] [ERROR]
拘勇  Setup Cargo
--------------------------------------------------------------------------------
[2025-09-24T23:49:14.897004] [ERROR]
拘勇  Setup Funcion치rio
--------------------------------------------------------------------------------
[2025-09-24T23:49:32.238764] [ERROR]
拘勇  Setup Cargo
--------------------------------------------------------------------------------
[2025-09-24T23:49:32.240557] [ERROR]
拘勇  Setup Funcion치rio
--------------------------------------------------------------------------------
[2025-09-24T23:50:14.708250] [ERROR]
拘勇  Setup Cargo
--------------------------------------------------------------------------------
[2025-09-24T23:50:14.710102] [ERROR]
拘勇  Setup Funcion치rio
--------------------------------------------------------------------------------
[2025-09-24T23:50:56.162673] [ERROR]
拘勇  Setup Cargo
--------------------------------------------------------------------------------
[2025-09-24T23:50:56.164203] [ERROR]
拘勇  Setup Funcion치rio
--------------------------------------------------------------------------------
[2025-09-24T23:51:17.503428] [ERROR]
拘勇  Setup Cargo
--------------------------------------------------------------------------------
[2025-09-24T23:51:17.505081] [ERROR]
拘勇  Setup Funcion치rio
--------------------------------------------------------------------------------
[2025-09-24T23:52:31.059668] [ERROR]
拘勇  Setup Cargo
--------------------------------------------------------------------------------
[2025-09-24T23:52:31.060747] [ERROR]
拘勇  Setup Funcion치rio
--------------------------------------------------------------------------------
[2025-09-24T23:52:53.438570] [ERROR]
拘勇  Setup Cargo
--------------------------------------------------------------------------------
[2025-09-24T23:52:53.440174] [ERROR]
拘勇  Setup Funcion치rio
--------------------------------------------------------------------------------
[2025-09-24T23:52:55.725086] [ERROR]
拘勇  Setup Cargo
--------------------------------------------------------------------------------
[2025-09-24T23:52:55.726630] [ERROR]
拘勇  Setup Funcion치rio
--------------------------------------------------------------------------------
[2025-09-24T23:53:19.445797] [ERROR]
拘勇  Setup Cargo
--------------------------------------------------------------------------------
[2025-09-24T23:53:19.447607] [ERROR]
拘勇  Setup Funcion치rio
--------------------------------------------------------------------------------
[2025-09-24T23:53:19.683933] [ERROR]
拘勇  Setup Cargo
--------------------------------------------------------------------------------
[2025-09-24T23:53:19.685454] [ERROR]
拘勇  Setup Funcion치rio
--------------------------------------------------------------------------------
[2025-09-24T23:53:47.073869] [ERROR]
拘勇  Setup Cargo
--------------------------------------------------------------------------------
[2025-09-24T23:53:47.075723] [ERROR]
拘勇  Setup Funcion치rio
--------------------------------------------------------------------------------
[2025-09-24T23:55:15.779260] [ERROR]
拘勇  Setup Cargo
--------------------------------------------------------------------------------
[2025-09-24T23:55:15.780937] [ERROR]
拘勇  Setup Funcion치rio
--------------------------------------------------------------------------------
[2025-09-24T23:55:37.129064] [ERROR]
拘勇  Setup Cargo
--------------------------------------------------------------------------------
[2025-09-24T23:55:37.130114] [ERROR]
拘勇  Setup Funcion치rio
--------------------------------------------------------------------------------
[2025-09-24T23:57:26.871250] [ERROR]
拘勇  Setup Cargo
--------------------------------------------------------------------------------
[2025-09-24T23:57:26.872768] [ERROR]
拘勇  Setup Funcion치rio
--------------------------------------------------------------------------------
[2025-09-25T00:04:39.109736] [ERROR]
拘勇  Setup Cargo
--------------------------------------------------------------------------------
[2025-09-25T00:04:39.111267] [ERROR]
拘勇  Setup Funcion치rio
--------------------------------------------------------------------------------
[2025-09-25T00:05:27.587469] [ERROR]
拘勇  Setup Cargo
--------------------------------------------------------------------------------
[2025-09-25T00:05:27.589424] [ERROR]
拘勇  Setup Funcion치rio
--------------------------------------------------------------------------------
[2025-09-25T00:06:39.186036] [ERROR]
拘勇  Setup Cargo
--------------------------------------------------------------------------------
[2025-09-25T00:06:39.187096] [ERROR]
拘勇  Setup Funcion치rio
--------------------------------------------------------------------------------
[2025-09-25T00:07:55.751171] [ERROR]
拘勇  Setup Cargo
--------------------------------------------------------------------------------
[2025-09-25T00:07:55.752857] [ERROR]
拘勇  Setup Funcion치rio
--------------------------------------------------------------------------------
[2025-09-25T00:08:01.053870] [ERROR]
拘勇  Setup Cargo
--------------------------------------------------------------------------------
[2025-09-25T00:08:01.055676] [ERROR]
拘勇  Setup Funcion치rio
--------------------------------------------------------------------------------
[2025-09-25T00:08:14.405868] [ERROR]
拘勇  Setup Cargo
--------------------------------------------------------------------------------
[2025-09-25T00:08:14.407687] [ERROR]
拘勇  Setup Funcion치rio
--------------------------------------------------------------------------------
[2025-09-25T00:08:15.457532] [ERROR]
Traceback (most recent call last):
  File "D:\professor\2025\CTI\PAW\4췈 Bimestre\python MVC\api\dao\funcionario_dao.py", line 235, in login
    conn = pool.get_connection()  # conex칚o do pool
           ^^^^^^^^^^^^^^^^^^^
  File "C:\Python312\Lib\site-packages\mysql\connector\pooling.py", line 396, in __getattr__
    return getattr(self._cnx, attr)
           ^^^^^^^^^^^^^^^^^^^^^^^^
AttributeError: 'CMySQLConnection' object has no attribute 'get_connection'. Did you mean: '_open_connection'?

--------------------------------------------------------------------------------
[2025-09-25T00:08:56.859134] [ERROR]
拘勇  Setup Cargo
--------------------------------------------------------------------------------
[2025-09-25T00:08:56.860389] [ERROR]
拘勇  Setup Funcion치rio
--------------------------------------------------------------------------------
[2025-09-25T00:08:59.003814] [ERROR]
Traceback (most recent call last):
  File "D:\professor\2025\CTI\PAW\4췈 Bimestre\python MVC\api\dao\funcionario_dao.py", line 235, in login
    conn = pool.get_connection()  # conex칚o do pool
           ^^^^^^^^^^^^^^^^^^^
  File "C:\Python312\Lib\site-packages\mysql\connector\pooling.py", line 396, in __getattr__
    return getattr(self._cnx, attr)
           ^^^^^^^^^^^^^^^^^^^^^^^^
AttributeError: 'CMySQLConnection' object has no attribute 'get_connection'. Did you mean: '_open_connection'?

--------------------------------------------------------------------------------
[2025-09-25T00:10:32.534646] [ERROR]
拘勇  Setup Cargo
--------------------------------------------------------------------------------
[2025-09-25T00:10:32.536416] [ERROR]
拘勇  Setup Funcion치rio
--------------------------------------------------------------------------------
[2025-09-25T00:11:03.869551] [ERROR]
拘勇  Setup Cargo
--------------------------------------------------------------------------------
[2025-09-25T00:11:03.871283] [ERROR]
拘勇  Setup Funcion치rio
--------------------------------------------------------------------------------
[2025-09-25T00:11:51.277785] [ERROR]
拘勇  Setup Cargo
--------------------------------------------------------------------------------
[2025-09-25T00:11:51.279246] [ERROR]
拘勇  Setup Funcion치rio
--------------------------------------------------------------------------------
[2025-09-25T00:11:53.505334] [ERROR]
拘勇  Setup Cargo
--------------------------------------------------------------------------------
[2025-09-25T00:11:53.506893] [ERROR]
拘勇  Setup Funcion치rio
--------------------------------------------------------------------------------
[2025-09-25T00:11:54.472682] [ERROR]
Traceback (most recent call last):
  File "D:\professor\2025\CTI\PAW\4췈 Bimestre\python MVC\api\dao\funcionario_dao.py", line 235, in login
    cursor = conn.cursor(dictionary=True)
             ^^^^^^^^^^^
AttributeError: 'MysqlDatabase' object has no attribute 'cursor'

--------------------------------------------------------------------------------
[2025-09-25T00:12:31.938742] [ERROR]
拘勇  Setup Cargo
--------------------------------------------------------------------------------
[2025-09-25T00:12:31.940344] [ERROR]
拘勇  Setup Funcion치rio
--------------------------------------------------------------------------------
[2025-09-25T00:13:08.645232] [ERROR]
Traceback (most recent call last):
  File "D:\professor\2025\CTI\PAW\4췈 Bimestre\python MVC\api\dao\funcionario_dao.py", line 235, in login
    cursor = conn.cursor(dictionary=True)
             ^^^^^^^^^^^
  File "C:\Python312\Lib\site-packages\mysql\connector\pooling.py", line 396, in __getattr__
    return getattr(self._cnx, attr)
           ^^^^^^^^^^^^^^^^^^^^^^^^
AttributeError: 'NoneType' object has no attribute 'cursor'

--------------------------------------------------------------------------------
[2025-09-25T00:13:16.439203] [ERROR]
Traceback (most recent call last):
  File "D:\professor\2025\CTI\PAW\4췈 Bimestre\python MVC\api\dao\funcionario_dao.py", line 235, in login
    cursor = conn.cursor(dictionary=True)
             ^^^^^^^^^^^
  File "C:\Python312\Lib\site-packages\mysql\connector\pooling.py", line 396, in __getattr__
    return getattr(self._cnx, attr)
           ^^^^^^^^^^^^^^^^^^^^^^^^
AttributeError: 'NoneType' object has no attribute 'cursor'

--------------------------------------------------------------------------------
[2025-09-25T00:13:20.764704] [ERROR]
拘勇  Setup Cargo
--------------------------------------------------------------------------------
[2025-09-25T00:13:20.766409] [ERROR]
拘勇  Setup Funcion치rio
--------------------------------------------------------------------------------
[2025-09-25T00:13:20.991261] [ERROR]
拘勇  Setup Cargo
--------------------------------------------------------------------------------
[2025-09-25T00:13:20.992668] [ERROR]
拘勇  Setup Funcion치rio
--------------------------------------------------------------------------------
[2025-09-25T00:13:56.423715] [ERROR]
拘勇  Setup Cargo
--------------------------------------------------------------------------------
[2025-09-25T00:13:56.425313] [ERROR]
拘勇  Setup Funcion치rio
--------------------------------------------------------------------------------
[2025-09-25T00:16:17.208826] [ERROR]
拘勇  Setup Cargo
--------------------------------------------------------------------------------
[2025-09-25T00:16:17.210105] [ERROR]
拘勇  Setup Funcion치rio
--------------------------------------------------------------------------------
[2025-09-25T00:16:17.435656] [ERROR]
拘勇  Setup Cargo
--------------------------------------------------------------------------------
[2025-09-25T00:16:17.437309] [ERROR]
拘勇  Setup Funcion치rio
--------------------------------------------------------------------------------
[2025-09-25T00:16:34.782290] [ERROR] [拘勇  Setup Cargo]
[2025-09-25T00:16:34.783951] [ERROR] [拘勇  Setup Funcion치rio]
[2025-09-25T00:16:39.083791] [ERROR] [{'success': False, 'message': 'Ocorreu um erro interno no servidor', 'data': {'stack': ''}, 'error': {'message': "'EnvironHeaders' objects are immutable", 'code': None}}]
[2025-09-25T00:17:11.177090] [ERROR]
拘勇  Setup Cargo
--------------------------------------------------------------------------------
[2025-09-25T00:17:11.178777] [ERROR]
拘勇  Setup Funcion치rio
--------------------------------------------------------------------------------
[2025-09-25T00:20:05.206083] [ERROR]
拘勇  Setup Cargo
--------------------------------------------------------------------------------
[2025-09-25T00:20:05.207076] [ERROR]
拘勇  Setup Funcion치rio
--------------------------------------------------------------------------------
[2025-09-25T00:21:07.754723] [ERROR]
拘勇  Setup Cargo
--------------------------------------------------------------------------------
[2025-09-25T00:21:07.756669] [ERROR]
拘勇  Setup Funcion치rio
--------------------------------------------------------------------------------
[2025-09-25T00:21:15.066703] [ERROR]
拘勇  Setup Cargo
--------------------------------------------------------------------------------
[2025-09-25T00:21:15.068467] [ERROR]
拘勇  Setup Funcion치rio
--------------------------------------------------------------------------------
[2025-09-25T00:22:33.724630] [ERROR]
拘勇  Setup Cargo
--------------------------------------------------------------------------------
[2025-09-25T00:22:33.725892] [ERROR]
拘勇  Setup Funcion치rio
--------------------------------------------------------------------------------
[2025-09-25T00:25:37.700604] [ERROR]
拘勇  Setup Cargo
--------------------------------------------------------------------------------
[2025-09-25T00:25:37.702094] [ERROR]
拘勇  Setup Funcion치rio
--------------------------------------------------------------------------------
[2025-09-25T00:26:13.107545] [ERROR]
拘勇  Setup Cargo
--------------------------------------------------------------------------------
[2025-09-25T00:26:13.108714] [ERROR]
拘勇  Setup Funcion치rio
--------------------------------------------------------------------------------
[2025-09-25T00:27:59.809784] [ERROR]
拘勇  Setup Cargo
--------------------------------------------------------------------------------
[2025-09-25T00:27:59.811350] [ERROR]
拘勇  Setup Funcion치rio
--------------------------------------------------------------------------------
[2025-09-25T00:28:59.347112] [ERROR]
拘勇  Setup Cargo
--------------------------------------------------------------------------------
[2025-09-25T00:28:59.348671] [ERROR]
拘勇  Setup Funcion치rio
--------------------------------------------------------------------------------
[2025-09-25T00:29:22.716609] [ERROR]
拘勇  Setup Cargo
--------------------------------------------------------------------------------
[2025-09-25T00:29:22.718341] [ERROR]
拘勇  Setup Funcion치rio
--------------------------------------------------------------------------------
[2025-09-25T00:29:38.058390] [ERROR]
拘勇  Setup Cargo
--------------------------------------------------------------------------------
[2025-09-25T00:29:38.060048] [ERROR]
拘勇  Setup Funcion치rio
--------------------------------------------------------------------------------
[2025-09-25T00:30:31.539559] [ERROR]
拘勇  Setup Cargo
--------------------------------------------------------------------------------
[2025-09-25T00:30:31.541111] [ERROR]
拘勇  Setup Funcion치rio
--------------------------------------------------------------------------------
[2025-09-25T00:31:26.010570] [ERROR]
拘勇  Setup Cargo
--------------------------------------------------------------------------------
[2025-09-25T00:31:26.012247] [ERROR]
拘勇  Setup Funcion치rio
--------------------------------------------------------------------------------
[2025-09-25T00:33:15.725049] [ERROR]
拘勇  Setup Cargo
--------------------------------------------------------------------------------
[2025-09-25T00:33:15.726300] [ERROR]
拘勇  Setup Funcion치rio
--------------------------------------------------------------------------------
[2025-09-25T00:40:55.723122] [ERROR]
拘勇  Setup Cargo
--------------------------------------------------------------------------------
[2025-09-25T00:40:55.724909] [ERROR]
拘勇  Setup Funcion치rio
--------------------------------------------------------------------------------
[2025-09-25T00:40:55.948225] [ERROR]
拘勇  Setup Cargo
--------------------------------------------------------------------------------
[2025-09-25T00:40:55.949774] [ERROR]
拘勇  Setup Funcion치rio
--------------------------------------------------------------------------------
[2025-09-25T00:42:32.655616] [ERROR]
拘勇  Setup Cargo
--------------------------------------------------------------------------------
[2025-09-25T00:42:32.657217] [ERROR]
拘勇  Setup Funcion치rio
--------------------------------------------------------------------------------
[2025-09-25T00:43:53.268181] [ERROR]
拘勇  Setup Cargo
--------------------------------------------------------------------------------
[2025-09-25T00:43:53.270254] [ERROR]
拘勇  Setup Funcion치rio
--------------------------------------------------------------------------------
[2025-09-25T00:45:13.911511] [ERROR]
拘勇  Setup Cargo
--------------------------------------------------------------------------------
[2025-09-25T00:45:13.913041] [ERROR]
拘勇  Setup Funcion치rio
--------------------------------------------------------------------------------
[2025-09-25T00:45:28.226963] [ERROR]
拘勇  Setup Cargo
--------------------------------------------------------------------------------
[2025-09-25T00:45:28.228501] [ERROR]
拘勇  Setup Funcion치rio
--------------------------------------------------------------------------------
[2025-09-25T00:46:00.656906] [ERROR]
拘勇  Setup Cargo
--------------------------------------------------------------------------------
[2025-09-25T00:46:00.658715] [ERROR]
拘勇  Setup Funcion치rio
--------------------------------------------------------------------------------
[2025-09-25T00:46:38.042550] [ERROR]
拘勇  Setup Cargo
--------------------------------------------------------------------------------
[2025-09-25T00:46:38.044322] [ERROR]
拘勇  Setup Funcion치rio
--------------------------------------------------------------------------------
[2025-09-25T00:46:38.262220] [ERROR]
拘勇  Setup Cargo
--------------------------------------------------------------------------------
[2025-09-25T00:46:38.263719] [ERROR]
拘勇  Setup Funcion치rio
--------------------------------------------------------------------------------
[2025-09-25T00:47:42.822398] [ERROR]
拘勇  Setup Cargo
--------------------------------------------------------------------------------
[2025-09-25T00:47:42.823997] [ERROR]
拘勇  Setup Funcion치rio
--------------------------------------------------------------------------------
[2025-09-25T00:49:56.688399] [ERROR]
拘勇  Setup Cargo
--------------------------------------------------------------------------------
[2025-09-25T00:49:56.689765] [ERROR]
拘勇  Setup Funcion치rio
--------------------------------------------------------------------------------
[2025-09-25T00:49:57.974217] [ERROR]
拘勇  Setup Cargo
--------------------------------------------------------------------------------
[2025-09-25T00:49:57.975707] [ERROR]
拘勇  Setup Funcion치rio
--------------------------------------------------------------------------------
[2025-09-25T00:56:00.140673] [ERROR]
拘勇  Setup Cargo
--------------------------------------------------------------------------------
[2025-09-25T00:56:00.141921] [ERROR]
拘勇  Setup Funcion치rio
--------------------------------------------------------------------------------
[2025-09-25T00:56:00.362494] [ERROR]
拘勇  Setup Cargo
--------------------------------------------------------------------------------
[2025-09-25T00:56:00.364018] [ERROR]
拘勇  Setup Funcion치rio
--------------------------------------------------------------------------------
[2025-09-25T00:57:43.070276] [ERROR]
拘勇  Setup Cargo
--------------------------------------------------------------------------------
[2025-09-25T00:57:43.071974] [ERROR]
拘勇  Setup Funcion치rio
--------------------------------------------------------------------------------
[2025-09-25T00:57:48.364748] [ERROR]
拘勇  Setup Cargo
--------------------------------------------------------------------------------
[2025-09-25T00:57:48.365972] [ERROR]
拘勇  Setup Funcion치rio
--------------------------------------------------------------------------------
[2025-09-25T00:59:41.610534] [ERROR]
拘勇  Setup Cargo
--------------------------------------------------------------------------------
[2025-09-25T00:59:41.611777] [ERROR]
拘勇  Setup Funcion치rio
--------------------------------------------------------------------------------
[2025-09-25T00:59:41.831166] [ERROR]
拘勇  Setup Cargo
--------------------------------------------------------------------------------
[2025-09-25T00:59:41.832237] [ERROR]
拘勇  Setup Funcion치rio
--------------------------------------------------------------------------------
[2025-09-25T01:00:54.534964] [ERROR]
拘勇  Setup Cargo
--------------------------------------------------------------------------------
[2025-09-25T01:00:54.536693] [ERROR]
拘勇  Setup Funcion치rio
--------------------------------------------------------------------------------
[2025-09-25T01:00:54.759539] [ERROR]
拘勇  Setup Cargo
--------------------------------------------------------------------------------
[2025-09-25T01:00:54.760699] [ERROR]
拘勇  Setup Funcion치rio
--------------------------------------------------------------------------------
[2025-09-25T01:02:02.925057] [ERROR]
拘勇  Setup Cargo
--------------------------------------------------------------------------------
[2025-09-25T01:02:02.927060] [ERROR]
拘勇  Setup Funcion치rio
--------------------------------------------------------------------------------
[2025-09-25T01:02:03.151706] [ERROR]
拘勇  Setup Cargo
--------------------------------------------------------------------------------
[2025-09-25T01:02:03.153408] [ERROR]
拘勇  Setup Funcion치rio
--------------------------------------------------------------------------------
[2025-09-25T01:04:38.232933] [ERROR]
拘勇  Setup Cargo
--------------------------------------------------------------------------------
[2025-09-25T01:04:38.234154] [ERROR]
拘勇  Setup Funcion치rio
--------------------------------------------------------------------------------
[2025-09-25T01:05:00.597905] [ERROR]
拘勇  Setup Cargo
--------------------------------------------------------------------------------
[2025-09-25T01:05:00.599782] [ERROR]
拘勇  Setup Funcion치rio
--------------------------------------------------------------------------------
[2025-09-25T01:05:34.989756] [ERROR]
拘勇  Setup Cargo
--------------------------------------------------------------------------------
[2025-09-25T01:05:34.990893] [ERROR]
拘勇  Setup Funcion치rio
--------------------------------------------------------------------------------
[2025-09-25T01:05:36.277493] [ERROR]
拘勇  Setup Cargo
--------------------------------------------------------------------------------
[2025-09-25T01:05:36.279392] [ERROR]
拘勇  Setup Funcion치rio
--------------------------------------------------------------------------------
[2025-09-25T01:07:14.967961] [ERROR]
拘勇  Setup Cargo
--------------------------------------------------------------------------------
[2025-09-25T01:07:14.969235] [ERROR]
拘勇  Setup Funcion치rio
--------------------------------------------------------------------------------
[2025-09-25T01:38:50.898828] [ERROR]
拘勇  Setup Cargo
--------------------------------------------------------------------------------
[2025-09-25T01:38:50.900354] [ERROR]
拘勇  Setup Funcion치rio
--------------------------------------------------------------------------------
[2025-09-25T01:41:55.972718] [ERROR]
拘勇  Setup Cargo
--------------------------------------------------------------------------------
[2025-09-25T01:41:55.974257] [ERROR]
拘勇  Setup Funcion치rio
--------------------------------------------------------------------------------
[2025-09-25T01:42:07.615648] [ERROR]
拘勇  Setup Cargo
--------------------------------------------------------------------------------
[2025-09-25T01:42:07.617311] [ERROR]
拘勇  Setup Funcion치rio
--------------------------------------------------------------------------------
[2025-09-25T01:42:07.845058] [ERROR]
拘勇  Setup Cargo
--------------------------------------------------------------------------------
[2025-09-25T01:42:07.846857] [ERROR]
拘勇  Setup Funcion치rio
--------------------------------------------------------------------------------
[2025-09-25T01:46:11.123915] [ERROR]
拘勇  Setup Cargo
--------------------------------------------------------------------------------
[2025-09-25T01:46:11.125195] [ERROR]
拘勇  Setup Funcion치rio
--------------------------------------------------------------------------------
[2025-09-25T01:46:13.396187] [ERROR]
拘勇  Setup Cargo
--------------------------------------------------------------------------------
[2025-09-25T01:46:13.397754] [ERROR]
拘勇  Setup Funcion치rio
--------------------------------------------------------------------------------
[2025-09-25T01:47:56.657352] [ERROR]
拘勇  Setup Cargo
--------------------------------------------------------------------------------
[2025-09-25T01:47:56.658610] [ERROR]
拘勇  Setup Funcion치rio
--------------------------------------------------------------------------------
[2025-09-25T01:47:56.900218] [ERROR]
拘勇  Setup Cargo
--------------------------------------------------------------------------------
[2025-09-25T01:47:56.901771] [ERROR]
拘勇  Setup Funcion치rio
--------------------------------------------------------------------------------
[2025-09-25T01:48:26.303025] [ERROR]
拘勇  Setup Cargo
--------------------------------------------------------------------------------
[2025-09-25T01:48:26.304601] [ERROR]
拘勇  Setup Funcion치rio
--------------------------------------------------------------------------------
[2025-09-25T01:49:47.910851] [ERROR]
拘勇  Setup Cargo
--------------------------------------------------------------------------------
[2025-09-25T01:49:47.912107] [ERROR]
拘勇  Setup Funcion치rio
--------------------------------------------------------------------------------
[2025-09-25T01:50:54.491801] [ERROR]
拘勇  Setup Cargo
--------------------------------------------------------------------------------
[2025-09-25T01:50:54.493464] [ERROR]
拘勇  Setup Funcion치rio
--------------------------------------------------------------------------------
[2025-09-25T01:51:00.790408] [ERROR]
拘勇  Setup Cargo
--------------------------------------------------------------------------------
[2025-09-25T01:51:00.791525] [ERROR]
拘勇  Setup Funcion치rio
--------------------------------------------------------------------------------
[2025-09-25T01:51:03.602853] [ERROR]
游리 ErrorResponse capturado: [400] Erro na valida칞칚o de dados | Detalhes: {'message': "O campo 'cargo' 칠 obrigat칩rio!"}
--------------------------------------------------------------------------------
[2025-09-25T01:51:36.089160] [ERROR]
游리 ErrorResponse capturado: [400] Erro na valida칞칚o de dados | Detalhes: {'message': "O campo 'cargo' 칠 obrigat칩rio!"}
--------------------------------------------------------------------------------
[2025-09-25T01:51:36.671592] [ERROR]
游리 ErrorResponse capturado: [400] Erro na valida칞칚o de dados | Detalhes: {'message': "O campo 'cargo' 칠 obrigat칩rio!"}
--------------------------------------------------------------------------------
[2025-09-25T01:52:07.344812] [ERROR]
拘勇  Setup Cargo
--------------------------------------------------------------------------------
[2025-09-25T01:52:07.345981] [ERROR]
拘勇  Setup Funcion치rio
--------------------------------------------------------------------------------
[2025-09-25T01:52:08.717543] [ERROR]
游리 ErrorResponse capturado: [400] Erro na valida칞칚o de dados | Detalhes: {'message': "O campo 'cargo' 칠 obrigat칩rio!"}
--------------------------------------------------------------------------------
[2025-09-25T01:52:09.569585] [ERROR]
游리 ErrorResponse capturado: [400] Erro na valida칞칚o de dados | Detalhes: {'message': "O campo 'cargo' 칠 obrigat칩rio!"}
--------------------------------------------------------------------------------
[2025-09-25T01:52:55.808163] [ERROR]
拘勇  Setup Cargo
--------------------------------------------------------------------------------
[2025-09-25T01:52:55.809676] [ERROR]
拘勇  Setup Funcion치rio
--------------------------------------------------------------------------------
[2025-09-25T01:53:04.118667] [ERROR]
拘勇  Setup Cargo
--------------------------------------------------------------------------------
[2025-09-25T01:53:04.120262] [ERROR]
拘勇  Setup Funcion치rio
--------------------------------------------------------------------------------
[2025-09-25T01:53:12.814297] [ERROR]
游리 ErrorResponse capturado: [400] Erro na valida칞칚o de dados | Detalhes: {'message': "O campo 'cargo' 칠 obrigat칩rio!"}
Traceback (most recent call last):
  File "C:\Python312\Lib\site-packages\flask\app.py", line 880, in full_dispatch_request
    rv = self.dispatch_request()
         ^^^^^^^^^^^^^^^^^^^^^^^
  File "C:\Python312\Lib\site-packages\flask\app.py", line 865, in dispatch_request
    return self.ensure_sync(self.view_functions[rule.endpoint])(**view_args)  # type: ignore[no-any-return]
           ^^^^^^^^^^^^^^^^^^^^^^^^^^^^^^^^^^^^^^^^^^^^^^^^^^^^^^^^^^^^^^^^^
  File "D:\professor\2025\CTI\PAW\4췈 Bimestre\python MVC\api\middleware\jwt_middleware.py", line 69, in decorated_function
    return f(*args, **kwargs)
           ^^^^^^^^^^^^^^^^^^
  File "D:\professor\2025\CTI\PAW\4췈 Bimestre\python MVC\api\middleware\cargo_middleware.py", line 30, in decorated_function
    raise ErrorResponse(400, "Erro na valida칞칚o de dados", {"message": "O campo 'cargo' 칠 obrigat칩rio!"})
api.http.error_response.ErrorResponse: [400] Erro na valida칞칚o de dados | Detalhes: {'message': "O campo 'cargo' 칠 obrigat칩rio!"}

--------------------------------------------------------------------------------
[2025-09-25T01:53:23.478061] [ERROR]
拘勇  Setup Cargo
--------------------------------------------------------------------------------
[2025-09-25T01:53:23.479622] [ERROR]
拘勇  Setup Funcion치rio
--------------------------------------------------------------------------------
[2025-09-25T01:53:24.728242] [ERROR]
游리 ErrorResponse capturado: [400] Erro na valida칞칚o de dados | Detalhes: {'message': "O campo 'cargo' 칠 obrigat칩rio!"}
Traceback (most recent call last):
  File "C:\Python312\Lib\site-packages\flask\app.py", line 880, in full_dispatch_request
    rv = self.dispatch_request()
         ^^^^^^^^^^^^^^^^^^^^^^^
  File "C:\Python312\Lib\site-packages\flask\app.py", line 865, in dispatch_request
    return self.ensure_sync(self.view_functions[rule.endpoint])(**view_args)  # type: ignore[no-any-return]
           ^^^^^^^^^^^^^^^^^^^^^^^^^^^^^^^^^^^^^^^^^^^^^^^^^^^^^^^^^^^^^^^^^
  File "D:\professor\2025\CTI\PAW\4췈 Bimestre\python MVC\api\middleware\jwt_middleware.py", line 69, in decorated_function
    return f(*args, **kwargs)
           ^^^^^^^^^^^^^^^^^^
  File "D:\professor\2025\CTI\PAW\4췈 Bimestre\python MVC\api\middleware\cargo_middleware.py", line 30, in decorated_function
    raise ErrorResponse(400, "Erro na valida칞칚o de dados", {"message": "O campo 'cargo' 칠 obrigat칩rio!"})
api.http.error_response.ErrorResponse: [400] Erro na valida칞칚o de dados | Detalhes: {'message': "O campo 'cargo' 칠 obrigat칩rio!"}

--------------------------------------------------------------------------------
[2025-09-25T01:53:43.838196] [ERROR]
拘勇  Setup Cargo
--------------------------------------------------------------------------------
[2025-09-25T01:53:43.839866] [ERROR]
拘勇  Setup Funcion치rio
--------------------------------------------------------------------------------
[2025-09-25T21:00:11.540421] [ERROR]
拘勇  Setup Cargo
--------------------------------------------------------------------------------
[2025-09-25T21:00:11.542311] [ERROR]
拘勇  Setup Funcion치rio
--------------------------------------------------------------------------------
[2025-09-25T21:00:11.795661] [ERROR]
拘勇  Setup Cargo
--------------------------------------------------------------------------------
[2025-09-25T21:00:11.797265] [ERROR]
拘勇  Setup Funcion치rio
--------------------------------------------------------------------------------
[2025-09-25T21:03:01.870428] [ERROR]
拘勇  Setup Cargo
--------------------------------------------------------------------------------
[2025-09-25T21:03:01.871959] [ERROR]
拘勇  Setup Funcion치rio
--------------------------------------------------------------------------------
[2025-09-25T21:03:10.876784] [ERROR]
拘勇  Setup Cargo
--------------------------------------------------------------------------------
[2025-09-25T21:03:10.878278] [ERROR]
拘勇  Setup Funcion치rio
--------------------------------------------------------------------------------
[2025-09-25T21:03:11.089005] [ERROR]
拘勇  Setup Cargo
--------------------------------------------------------------------------------
[2025-09-25T21:03:11.090562] [ERROR]
拘勇  Setup Funcion치rio
--------------------------------------------------------------------------------
[2025-09-25T21:04:17.662185] [ERROR]
拘勇  Setup Cargo
--------------------------------------------------------------------------------
[2025-09-25T21:04:17.663692] [ERROR]
拘勇  Setup Funcion치rio
--------------------------------------------------------------------------------
[2025-09-25T21:04:32.369931] [ERROR]
拘勇  Setup Cargo
--------------------------------------------------------------------------------
[2025-09-25T21:04:32.371435] [ERROR]
拘勇  Setup Funcion치rio
--------------------------------------------------------------------------------
[2025-09-25T21:04:32.591140] [ERROR]
拘勇  Setup Cargo
--------------------------------------------------------------------------------
[2025-09-25T21:04:32.592644] [ERROR]
拘勇  Setup Funcion치rio
--------------------------------------------------------------------------------
[2025-09-25T21:04:54.721626] [ERROR]
拘勇  Setup Cargo
--------------------------------------------------------------------------------
[2025-09-25T21:04:54.723149] [ERROR]
拘勇  Setup Funcion치rio
--------------------------------------------------------------------------------
[2025-09-25T21:04:54.943198] [ERROR]
拘勇  Setup Cargo
--------------------------------------------------------------------------------
[2025-09-25T21:04:54.944807] [ERROR]
拘勇  Setup Funcion치rio
--------------------------------------------------------------------------------
[2025-09-25T21:05:24.341813] [ERROR]
拘勇  Setup Cargo
--------------------------------------------------------------------------------
[2025-09-25T21:05:24.343334] [ERROR]
拘勇  Setup Funcion치rio
--------------------------------------------------------------------------------
[2025-09-25T21:06:08.802916] [ERROR]
拘勇  Setup Cargo
--------------------------------------------------------------------------------
[2025-09-25T21:06:08.804445] [ERROR]
拘勇  Setup Funcion치rio
--------------------------------------------------------------------------------
[2025-09-25T21:07:48.519456] [ERROR]
拘勇  Setup Cargo
--------------------------------------------------------------------------------
[2025-09-25T21:07:48.521207] [ERROR]
拘勇  Setup Funcion치rio
--------------------------------------------------------------------------------
[2025-09-26T18:16:17.148022] [ERROR]
拘勇  Setup Cargo
--------------------------------------------------------------------------------
[2025-09-26T18:16:17.150267] [ERROR]
拘勇  Setup Funcion치rio
--------------------------------------------------------------------------------
[2025-09-26T18:16:17.372363] [ERROR]
拘勇  Setup Cargo
--------------------------------------------------------------------------------
[2025-09-26T18:16:17.373864] [ERROR]
拘勇  Setup Funcion치rio
--------------------------------------------------------------------------------
[2025-09-26T18:16:45.778578] [ERROR]
拘勇  Setup Cargo
--------------------------------------------------------------------------------
[2025-09-26T18:16:45.780578] [ERROR]
拘勇  Setup Funcion치rio
--------------------------------------------------------------------------------
[2025-09-26T18:16:56.080213] [ERROR]
拘勇  Setup Cargo
--------------------------------------------------------------------------------
[2025-09-26T18:16:56.082713] [ERROR]
拘勇  Setup Funcion치rio
--------------------------------------------------------------------------------
[2025-10-09T00:32:03.500932] [ERROR]
senha deve ter pelo menos 6 caracteres.
--------------------------------------------------------------------------------
[2025-10-09T00:32:33.358052] [ERROR]
senha deve ter pelo menos 6 caracteres.
--------------------------------------------------------------------------------
[2025-10-09T00:33:46.170682] [ERROR]
senha deve ter pelo menos 6 caracteres.
--------------------------------------------------------------------------------
[2025-10-09T00:33:47.511666] [ERROR]
senha deve ter pelo menos 6 caracteres.
--------------------------------------------------------------------------------
[2025-10-09T00:33:48.487482] [ERROR]
senha deve ter pelo menos 6 caracteres.
--------------------------------------------------------------------------------
[2025-10-09T00:33:48.844852] [ERROR]
senha deve ter pelo menos 6 caracteres.
--------------------------------------------------------------------------------
[2025-10-09T00:33:49.045305] [ERROR]
senha deve ter pelo menos 6 caracteres.
--------------------------------------------------------------------------------
[2025-10-09T00:33:49.219893] [ERROR]
senha deve ter pelo menos 6 caracteres.
--------------------------------------------------------------------------------
[2025-10-09T00:33:49.402980] [ERROR]
senha deve ter pelo menos 6 caracteres.
--------------------------------------------------------------------------------
[2025-10-09T00:33:49.636892] [ERROR]
senha deve ter pelo menos 6 caracteres.
--------------------------------------------------------------------------------
[2025-10-09T00:33:49.903668] [ERROR]
senha deve ter pelo menos 6 caracteres.
--------------------------------------------------------------------------------
[2025-10-09T00:33:50.095440] [ERROR]
senha deve ter pelo menos 6 caracteres.
--------------------------------------------------------------------------------
[2025-10-09T00:33:50.295431] [ERROR]
senha deve ter pelo menos 6 caracteres.
--------------------------------------------------------------------------------
[2025-10-09T00:33:50.494947] [ERROR]
senha deve ter pelo menos 6 caracteres.
--------------------------------------------------------------------------------
[2025-10-09T00:35:43.295778] [ERROR]
FuncionarioControl.update() takes 2 positional arguments but 3 were given
--------------------------------------------------------------------------------
[2025-10-09T02:18:14.657031] [ERROR]
FuncionarioControl.update() takes 2 positional arguments but 3 were given
--------------------------------------------------------------------------------
[2025-10-09T02:27:01.172172] [ERROR]
FuncionarioControl.update() takes 2 positional arguments but 3 were given
--------------------------------------------------------------------------------
[2025-10-09T02:27:48.607890] [ERROR]
senha n칚o pode ser vazia.
--------------------------------------------------------------------------------
[2025-10-09T02:33:06.357583] [ERROR]
500 Internal Server Error: The server encountered an internal error and was unable to complete your request. Either the server is overloaded or there is an error in the application.
--------------------------------------------------------------------------------
[2025-10-09T02:33:06.372822] [ERROR]
500 Internal Server Error: The server encountered an internal error and was unable to complete your request. Either the server is overloaded or there is an error in the application.
--------------------------------------------------------------------------------
[2025-10-09T02:34:09.465213] [ERROR]
senha deve ter pelo menos 6 caracteres.
--------------------------------------------------------------------------------
[2025-10-09T02:34:12.256151] [ERROR]
senha deve conter pelo menos um n칰mero.
--------------------------------------------------------------------------------
[2025-10-09T02:34:14.271747] [ERROR]
senha deve conter pelo menos um caractere especial.
--------------------------------------------------------------------------------
[2025-10-09T02:42:39.526613] [ERROR]
senha deve conter pelo menos uma letra mai칰scula.
--------------------------------------------------------------------------------
[2025-10-09T03:14:30.567854] [ERROR]
senha n칚o pode ser vazia.
--------------------------------------------------------------------------------
[2025-10-09T03:15:01.308481] [ERROR]
senha n칚o pode ser vazia.
--------------------------------------------------------------------------------
[2025-10-09T03:15:02.893968] [ERROR]
senha n칚o pode ser vazia.
--------------------------------------------------------------------------------
[2025-10-09T03:15:04.092351] [ERROR]
senha n칚o pode ser vazia.
--------------------------------------------------------------------------------
[2025-10-09T03:15:14.210199] [ERROR]
senha n칚o pode ser vazia.
--------------------------------------------------------------------------------
[2025-10-09T03:15:33.098577] [ERROR]
senha n칚o pode ser vazia.
--------------------------------------------------------------------------------
[2025-10-09T03:15:38.045717] [ERROR]
senha n칚o pode ser vazia.
--------------------------------------------------------------------------------
[2025-10-09T03:15:39.116473] [ERROR]
senha n칚o pode ser vazia.
--------------------------------------------------------------------------------
[2025-10-09T03:15:39.899611] [ERROR]
senha n칚o pode ser vazia.
--------------------------------------------------------------------------------
[2025-10-09T03:15:40.310723] [ERROR]
senha n칚o pode ser vazia.
--------------------------------------------------------------------------------
[2025-10-09T03:15:41.034107] [ERROR]
senha n칚o pode ser vazia.
--------------------------------------------------------------------------------
[2025-10-09T03:15:42.534402] [ERROR]
senha n칚o pode ser vazia.
--------------------------------------------------------------------------------
[2025-10-09T03:15:43.094262] [ERROR]
senha n칚o pode ser vazia.
--------------------------------------------------------------------------------
[2025-10-09T03:15:43.501246] [ERROR]
senha n칚o pode ser vazia.
--------------------------------------------------------------------------------
[2025-10-09T03:15:43.736661] [ERROR]
senha n칚o pode ser vazia.
--------------------------------------------------------------------------------
[2025-10-09T03:15:43.919604] [ERROR]
senha n칚o pode ser vazia.
--------------------------------------------------------------------------------
[2025-10-09T03:15:44.103307] [ERROR]
senha n칚o pode ser vazia.
--------------------------------------------------------------------------------
[2025-10-09T03:15:44.333218] [ERROR]
senha n칚o pode ser vazia.
--------------------------------------------------------------------------------
[2025-10-09T03:17:04.163060] [ERROR]
senha n칚o pode ser vazia.
--------------------------------------------------------------------------------
[2025-10-09T03:17:28.631638] [ERROR]
senha n칚o pode ser vazia.
--------------------------------------------------------------------------------
[2025-10-09T03:18:37.597646] [ERROR]
senha n칚o pode ser vazia.
--------------------------------------------------------------------------------
[2025-10-09T03:18:44.923985] [ERROR]
email em formato inv치lido.
--------------------------------------------------------------------------------
[2025-10-09T03:21:03.091054] [ERROR]
email em formato inv치lido.
--------------------------------------------------------------------------------
[2025-10-09T03:21:22.992825] [ERROR]
email em formato inv치lido.
--------------------------------------------------------------------------------
[2025-10-09T09:47:46.362194] [ERROR]
senha n칚o pode ser vazia.
--------------------------------------------------------------------------------
[2025-10-09T09:47:49.626099] [ERROR]
senha n칚o pode ser vazia.
--------------------------------------------------------------------------------
[2025-10-09T10:17:51.898572] [ERROR]
email em formato inv치lido.
--------------------------------------------------------------------------------
